[debug] > Exec(early(addDefaultCommands), None, None)
[debug] > Exec(addDefaultCommands, None, None)
[debug] > Exec(early(initialize), None, None)
[debug] > Exec(initialize, None, None)
[debug] > Exec(early(addPluginSbtFile="""C:\Users\leopa\AppData\Local\Temp\idea.sbt"""), None, None)
[debug] > Exec(addPluginSbtFile="""C:\Users\leopa\AppData\Local\Temp\idea.sbt""", None, None)
[debug] > Exec(boot, None, None)
[debug] > Exec(writeSbtVersion, None, None)
[debug] > Exec(reload, None, None)
[debug] > Exec(sbtStashOnFailure, None, None)
[debug] > Exec(onFailure loadFailed, None, None)
[debug] > Exec(loadp, None, None)
[info] welcome to sbt 1.10.2 (Amazon.com Inc. Java 11.0.24)
[debug] Load.defaultLoad until apply took 137.4493ms
[debug]           Load.loadUnit: plugins took 117.548ms
[debug]           Load.loadUnit: defsScala took 0.8528ms
[debug] [Loading] Scanning directory C:\Users\leopa\Documents\ig5\fp\TP_functional_prog\project
[debug]             Load.loadUnit: mkEval took 9.2071ms
[debug] [Loading] Found non-root projects 
[debug] [Loading] Done in C:\Users\leopa\Documents\ig5\fp\TP_functional_prog\project, returning: ()
[debug] deducing auto plugins based on known facts Set(Atom(sbt.plugins.CorePlugin)) and clauses Clauses(Clause(Atom(sbt.plugins.JvmPlugin),Set(Atom(sbt.plugins.IvyPlugin)))
[debug] Clause(Atom(sbt.ScriptedPlugin),Set(Atom(sbt.plugins.JvmPlugin)))
[debug] Clause(Atom(sbt.plugins.SbtPlugin),Set(Atom(sbt.ScriptedPlugin)))
[debug] Clause(Atom(sbt.plugins.SemanticdbPlugin),Set(Atom(sbt.plugins.JvmPlugin)))
[debug] Clause(Atom(sbt.plugins.JUnitXmlReportPlugin),Set(Atom(sbt.plugins.JvmPlugin)))
[debug] Clause(Atom(sbt.plugins.MiniDependencyTreePlugin),Set(Atom(sbt.plugins.JvmPlugin)))
[debug] Clause(Atom(sbt.plugins.CorePlugin),Set(Atom(sbt.plugins.IvyPlugin)))
[debug] Clause(Atom(sbt.plugins.IvyPlugin),Set(Atom(sbt.plugins.JvmPlugin)))
[debug] Clause(Atom(sbt.plugins.JvmPlugin),Set(Atom(sbt.plugins.SemanticdbPlugin)))
[debug] Clause(Atom(sbt.plugins.JvmPlugin),Set(Atom(sbt.plugins.JUnitXmlReportPlugin)))
[debug] Clause(Atom(sbt.plugins.CorePlugin),Set(Atom(sbt.plugins.Giter8TemplatePlugin)))
[debug] Clause(Atom(sbt.plugins.JvmPlugin),Set(Atom(sbt.plugins.MiniDependencyTreePlugin))))
[debug]   :: deduced result: Matched(sbt.plugins.CorePlugin,sbt.plugins.Giter8TemplatePlugin,sbt.plugins.IvyPlugin,sbt.plugins.JvmPlugin,sbt.plugins.MiniDependencyTreePlugin,sbt.plugins.JUnitXmlReportPlugin,sbt.plugins.SemanticdbPlugin)
[debug] Plugins.deducer#function took 13.8611 ms
[info] loading settings for project tp_functional_prog-build from idea.sbt ...
[debug]               Load.resolveProject(tp_functional_prog-build) took 63.2436ms
[debug]             Load.loadTransitive: finalizeProject(Project(id tp_functional_prog-build, base: C:\Users\leopa\Documents\ig5\fp\TP_functional_prog\project, plugins: List(<none>))) took 83.8021ms
[debug] [Loading] Done in C:\Users\leopa\Documents\ig5\fp\TP_functional_prog\project, returning: (tp_functional_prog-build)
[debug]           Load.loadUnit: loadedProjectsRaw took 2375.9786ms
[debug]           Load.loadUnit: cleanEvalClasses took 6.5133ms
[debug]         Load.loadUnit(file:/C:/Users/leopa/Documents/ig5/fp/TP_functional_prog/project/, ...) took 2507.7339ms
[debug]       Load.apply: load took 2656.3032ms
[debug]       Load.apply: resolveProjects took 4.2494ms
[debug]       Load.apply: finalTransforms took 53.9205ms
[debug]       Load.apply: config.delegates took 7.3667ms
[debug]       Load.apply: Def.make(settings)... took 444.7958ms
[debug]       Load.apply: structureIndex took 100.515ms
[debug]       Load.apply: mkStreams took 2.2872ms
[info] loading project definition from C:\Users\leopa\Documents\ig5\fp\TP_functional_prog\project
[debug] Running task... Cancel: Signal, check cycles: false, forcegc: true
[debug]     Load.loadUnit: plugins took 5123.6456ms
[debug]     Load.loadUnit: defsScala took 0.003ms
[debug] [Loading] Scanning directory C:\Users\leopa\Documents\ig5\fp\TP_functional_prog
[debug]       Load.loadUnit: mkEval took 0.2306ms
[debug] [Loading] Found root project root w/ remaining 
[debug] deducing auto plugins based on known facts Set(Atom(sbt.plugins.CorePlugin)) and clauses Clauses(Clause(Atom(sbt.plugins.JvmPlugin),Set(Atom(sbt.plugins.IvyPlugin)))
[debug] Clause(Atom(sbt.ScriptedPlugin),Set(Atom(sbt.plugins.JvmPlugin)))
[debug] Clause(Atom(sbt.plugins.SbtPlugin),Set(Atom(sbt.ScriptedPlugin)))
[debug] Clause(Atom(sbt.plugins.SemanticdbPlugin),Set(Atom(sbt.plugins.JvmPlugin)))
[debug] Clause(Atom(sbt.plugins.JUnitXmlReportPlugin),Set(Atom(sbt.plugins.JvmPlugin)))
[debug] Clause(Atom(sbt.plugins.MiniDependencyTreePlugin),Set(Atom(sbt.plugins.JvmPlugin)))
[debug] Clause(Atom(org.jetbrains.sbt.StructurePlugin),Set(Atom(sbt.plugins.JvmPlugin)))
[debug] Clause(Atom(org.jetbrains.sbt.IdeaShellPlugin),Set(Atom(sbt.plugins.JvmPlugin)))
[debug] Clause(Atom(sbt.plugins.CorePlugin),Set(Atom(sbt.plugins.IvyPlugin)))
[debug] Clause(Atom(sbt.plugins.IvyPlugin),Set(Atom(sbt.plugins.JvmPlugin)))
[debug] Clause(Atom(sbt.plugins.JvmPlugin),Set(Atom(sbt.plugins.SemanticdbPlugin)))
[debug] Clause(Atom(sbt.plugins.JvmPlugin),Set(Atom(sbt.plugins.JUnitXmlReportPlugin)))
[debug] Clause(Atom(sbt.plugins.CorePlugin),Set(Atom(sbt.plugins.Giter8TemplatePlugin)))
[debug] Clause(Atom(sbt.plugins.JvmPlugin),Set(Atom(sbt.plugins.MiniDependencyTreePlugin)))
[debug] Clause(Atom(sbt.plugins.JvmPlugin),Set(Atom(org.jetbrains.sbt.StructurePlugin)))
[debug] Clause(Atom(sbt.plugins.JvmPlugin),Set(Atom(org.jetbrains.sbt.IdeaShellPlugin))))
[debug]   :: deduced result: Matched(sbt.plugins.CorePlugin,sbt.plugins.Giter8TemplatePlugin,sbt.plugins.IvyPlugin,sbt.plugins.JvmPlugin,sbt.plugins.SemanticdbPlugin,sbt.plugins.JUnitXmlReportPlugin,org.jetbrains.sbt.IdeaShellPlugin,org.jetbrains.sbt.StructurePlugin,sbt.plugins.MiniDependencyTreePlugin)
[debug] Plugins.deducer#function took 2.0019 ms
[info] loading settings for project root from build.sbt ...
[debug]         Load.resolveProject(root) took 26.6038ms
[debug]       Load.loadTransitive: finalizeProject(Project(id root, base: C:\Users\leopa\Documents\ig5\fp\TP_functional_prog, plugins: List(<none>))) took 29.7366ms
[debug] [Loading] Done in C:\Users\leopa\Documents\ig5\fp\TP_functional_prog, returning: (root)
[debug]     Load.loadUnit: loadedProjectsRaw took 1448.7748ms
[debug]     Load.loadUnit: cleanEvalClasses took 8.7379ms
[debug]   Load.loadUnit(file:/C:/Users/leopa/Documents/ig5/fp/TP_functional_prog/, ...) took 6582.3084ms
[debug] Load.apply: load took 6598.8247ms
[debug] Load.apply: resolveProjects took 0.2044ms
[debug] Load.apply: finalTransforms took 34.3889ms
[debug] Load.apply: config.delegates took 0.4059ms
[debug] Load.apply: Def.make(settings)... took 84.4411ms
[debug] Load.apply: structureIndex took 23.6382ms
[debug] Load.apply: mkStreams took 0.0048ms
[info] set current project to TP_functional_prog (in build file:/C:/Users/leopa/Documents/ig5/fp/TP_functional_prog/)
[debug] > Exec(sbtPopOnFailure, None, None)
[debug] > Exec(resumeFromFailure, None, None)
[debug] > Exec(notifyUsersAboutShell, None, None)
[debug] > Exec(iflast shell, None, None)
[debug] > Exec(idea-shell, None, None)
