[debug] > Exec(early(addDefaultCommands), None, None)
[debug] > Exec(addDefaultCommands, None, None)
[debug] > Exec(early(initialize), None, None)
[debug] > Exec(initialize, None, None)
[debug] > Exec(early(addPluginSbtFile="""C:\Users\leopa\AppData\Local\Temp\idea.sbt"""), None, None)
[debug] > Exec(addPluginSbtFile="""C:\Users\leopa\AppData\Local\Temp\idea.sbt""", None, None)
[debug] > Exec(boot, None, None)
[debug] > Exec(writeSbtVersion, None, None)
[debug] > Exec(reload, None, None)
[debug] > Exec(sbtStashOnFailure, None, None)
[debug] > Exec(onFailure loadFailed, None, None)
[debug] > Exec(loadp, None, None)
[info] welcome to sbt 1.10.2 (Amazon.com Inc. Java 11.0.24)
[debug] Load.defaultLoad until apply took 272.4893ms
[debug]           Load.loadUnit: plugins took 151.7065ms
[debug]           Load.loadUnit: defsScala took 0.4042ms
[debug] [Loading] Scanning directory C:\Users\leopa\Documents\ig5\fp\TP_functional_prog\project
[debug]             Load.loadUnit: mkEval took 14.4075ms
[debug] [Loading] Found non-root projects 
[debug] [Loading] Done in C:\Users\leopa\Documents\ig5\fp\TP_functional_prog\project, returning: ()
[debug] deducing auto plugins based on known facts Set(Atom(sbt.plugins.CorePlugin)) and clauses Clauses(Clause(Atom(sbt.plugins.JvmPlugin),Set(Atom(sbt.plugins.IvyPlugin)))
[debug] Clause(Atom(sbt.ScriptedPlugin),Set(Atom(sbt.plugins.JvmPlugin)))
[debug] Clause(Atom(sbt.plugins.SbtPlugin),Set(Atom(sbt.ScriptedPlugin)))
[debug] Clause(Atom(sbt.plugins.SemanticdbPlugin),Set(Atom(sbt.plugins.JvmPlugin)))
[debug] Clause(Atom(sbt.plugins.JUnitXmlReportPlugin),Set(Atom(sbt.plugins.JvmPlugin)))
[debug] Clause(Atom(sbt.plugins.MiniDependencyTreePlugin),Set(Atom(sbt.plugins.JvmPlugin)))
[debug] Clause(Atom(sbt.plugins.CorePlugin),Set(Atom(sbt.plugins.IvyPlugin)))
[debug] Clause(Atom(sbt.plugins.IvyPlugin),Set(Atom(sbt.plugins.JvmPlugin)))
[debug] Clause(Atom(sbt.plugins.JvmPlugin),Set(Atom(sbt.plugins.SemanticdbPlugin)))
[debug] Clause(Atom(sbt.plugins.JvmPlugin),Set(Atom(sbt.plugins.JUnitXmlReportPlugin)))
[debug] Clause(Atom(sbt.plugins.CorePlugin),Set(Atom(sbt.plugins.Giter8TemplatePlugin)))
[debug] Clause(Atom(sbt.plugins.JvmPlugin),Set(Atom(sbt.plugins.MiniDependencyTreePlugin))))
[debug]   :: deduced result: Matched(sbt.plugins.CorePlugin,sbt.plugins.Giter8TemplatePlugin,sbt.plugins.IvyPlugin,sbt.plugins.JvmPlugin,sbt.plugins.MiniDependencyTreePlugin,sbt.plugins.JUnitXmlReportPlugin,sbt.plugins.SemanticdbPlugin)
[debug] Plugins.deducer#function took 35.084 ms
[info] loading settings for project tp_functional_prog-build from idea.sbt ...
[debug]               Load.resolveProject(tp_functional_prog-build) took 72.7693ms
[debug]             Load.loadTransitive: finalizeProject(Project(id tp_functional_prog-build, base: C:\Users\leopa\Documents\ig5\fp\TP_functional_prog\project, plugins: List(<none>))) took 152.2648ms
[debug] [Loading] Done in C:\Users\leopa\Documents\ig5\fp\TP_functional_prog\project, returning: (tp_functional_prog-build)
[debug]           Load.loadUnit: loadedProjectsRaw took 550.1545ms
[debug]           Load.loadUnit: cleanEvalClasses took 9.4865ms
[debug]         Load.loadUnit(file:/C:/Users/leopa/Documents/ig5/fp/TP_functional_prog/project/, ...) took 719.3282ms
[debug]       Load.apply: load took 941.0782ms
[debug]       Load.apply: resolveProjects took 8.144ms
[debug]       Load.apply: finalTransforms took 108.2412ms
[debug]       Load.apply: config.delegates took 26.3552ms
[debug]       Load.apply: Def.make(settings)... took 1273.7248ms
[debug]       Load.apply: structureIndex took 323.6663ms
[debug]       Load.apply: mkStreams took 13.0394ms
[info] loading project definition from C:\Users\leopa\Documents\ig5\fp\TP_functional_prog\project
[debug] Running task... Cancel: Signal, check cycles: false, forcegc: true
[debug]     Load.loadUnit: plugins took 6453.5385ms
[debug]     Load.loadUnit: defsScala took 0.0079ms
[debug] [Loading] Scanning directory C:\Users\leopa\Documents\ig5\fp\TP_functional_prog
[debug]       Load.loadUnit: mkEval took 0.5522ms
[debug] [Loading] Found root project root w/ remaining 
[debug] deducing auto plugins based on known facts Set(Atom(sbt.plugins.CorePlugin)) and clauses Clauses(Clause(Atom(sbt.plugins.JvmPlugin),Set(Atom(sbt.plugins.IvyPlugin)))
[debug] Clause(Atom(sbt.ScriptedPlugin),Set(Atom(sbt.plugins.JvmPlugin)))
[debug] Clause(Atom(sbt.plugins.SbtPlugin),Set(Atom(sbt.ScriptedPlugin)))
[debug] Clause(Atom(sbt.plugins.SemanticdbPlugin),Set(Atom(sbt.plugins.JvmPlugin)))
[debug] Clause(Atom(sbt.plugins.JUnitXmlReportPlugin),Set(Atom(sbt.plugins.JvmPlugin)))
[debug] Clause(Atom(sbt.plugins.MiniDependencyTreePlugin),Set(Atom(sbt.plugins.JvmPlugin)))
[debug] Clause(Atom(org.jetbrains.sbt.StructurePlugin),Set(Atom(sbt.plugins.JvmPlugin)))
[debug] Clause(Atom(org.jetbrains.sbt.IdeaShellPlugin),Set(Atom(sbt.plugins.JvmPlugin)))
[debug] Clause(Atom(sbt.plugins.CorePlugin),Set(Atom(sbt.plugins.IvyPlugin)))
[debug] Clause(Atom(sbt.plugins.IvyPlugin),Set(Atom(sbt.plugins.JvmPlugin)))
[debug] Clause(Atom(sbt.plugins.JvmPlugin),Set(Atom(sbt.plugins.SemanticdbPlugin)))
[debug] Clause(Atom(sbt.plugins.JvmPlugin),Set(Atom(sbt.plugins.JUnitXmlReportPlugin)))
[debug] Clause(Atom(sbt.plugins.CorePlugin),Set(Atom(sbt.plugins.Giter8TemplatePlugin)))
[debug] Clause(Atom(sbt.plugins.JvmPlugin),Set(Atom(sbt.plugins.MiniDependencyTreePlugin)))
[debug] Clause(Atom(sbt.plugins.JvmPlugin),Set(Atom(org.jetbrains.sbt.StructurePlugin)))
[debug] Clause(Atom(sbt.plugins.JvmPlugin),Set(Atom(org.jetbrains.sbt.IdeaShellPlugin))))
[debug]   :: deduced result: Matched(sbt.plugins.CorePlugin,sbt.plugins.Giter8TemplatePlugin,sbt.plugins.IvyPlugin,sbt.plugins.JvmPlugin,sbt.plugins.SemanticdbPlugin,sbt.plugins.JUnitXmlReportPlugin,org.jetbrains.sbt.IdeaShellPlugin,org.jetbrains.sbt.StructurePlugin,sbt.plugins.MiniDependencyTreePlugin)
[debug] Plugins.deducer#function took 2.7911 ms
[info] loading settings for project root from build.sbt ...
[debug]         Load.resolveProject(root) took 109.7189ms
[debug]       Load.loadTransitive: finalizeProject(Project(id root, base: C:\Users\leopa\Documents\ig5\fp\TP_functional_prog, plugins: List(<none>))) took 114.4432ms
[debug] [Loading] Done in C:\Users\leopa\Documents\ig5\fp\TP_functional_prog, returning: (root)
[debug]     Load.loadUnit: loadedProjectsRaw took 6770.569ms
[debug]     Load.loadUnit: cleanEvalClasses took 23.7955ms
[debug]   Load.loadUnit(file:/C:/Users/leopa/Documents/ig5/fp/TP_functional_prog/, ...) took 13254.1015ms
[debug] Load.apply: load took 13307.2221ms
[debug] Load.apply: resolveProjects took 0.2864ms
[debug] Load.apply: finalTransforms took 64.5408ms
[debug] Load.apply: config.delegates took 0.9777ms
[debug] Load.apply: Def.make(settings)... took 212.2808ms
[debug] Load.apply: structureIndex took 54.6886ms
[debug] Load.apply: mkStreams took 0.0058ms
[info] set current project to TP_functional_prog (in build file:/C:/Users/leopa/Documents/ig5/fp/TP_functional_prog/)
[debug] > Exec(sbtPopOnFailure, None, None)
[debug] > Exec(resumeFromFailure, None, None)
[debug] > Exec(notifyUsersAboutShell, None, None)
[debug] > Exec(iflast shell, None, None)
[debug] > Exec(idea-shell, None, None)
